[18-Oct-2025 13:12:39 UTC] PHP Warning:  require(/home/jsu9stnmttu2/public_html/../vendor/autoload.php): Failed to open stream: No such file or directory in /home/jsu9stnmttu2/public_html/index.php on line 14
[18-Oct-2025 13:12:39 UTC] PHP Fatal error:  Uncaught Error: Failed opening required '/home/jsu9stnmttu2/public_html/../vendor/autoload.php' (include_path='.:/opt/alt/php83/usr/share/pear:/opt/alt/php83/usr/share/php:/usr/share/pear:/usr/share/php') in /home/jsu9stnmttu2/public_html/index.php:14
Stack trace:
#0 {main}
  thrown in /home/jsu9stnmttu2/public_html/index.php on line 14
[18-Oct-2025 13:12:40 UTC] PHP Warning:  require(/home/jsu9stnmttu2/public_html/../vendor/autoload.php): Failed to open stream: No such file or directory in /home/jsu9stnmttu2/public_html/index.php on line 14
[18-Oct-2025 13:12:40 UTC] PHP Fatal error:  Uncaught Error: Failed opening required '/home/jsu9stnmttu2/public_html/../vendor/autoload.php' (include_path='.:/opt/alt/php83/usr/share/pear:/opt/alt/php83/usr/share/php:/usr/share/pear:/usr/share/php') in /home/jsu9stnmttu2/public_html/index.php:14
Stack trace:
#0 {main}
  thrown in /home/jsu9stnmttu2/public_html/index.php on line 14
[18-Oct-2025 13:12:40 UTC] PHP Warning:  require(/home/jsu9stnmttu2/public_html/../vendor/autoload.php): Failed to open stream: No such file or directory in /home/jsu9stnmttu2/public_html/index.php on line 14
[18-Oct-2025 13:12:40 UTC] PHP Fatal error:  Uncaught Error: Failed opening required '/home/jsu9stnmttu2/public_html/../vendor/autoload.php' (include_path='.:/opt/alt/php83/usr/share/pear:/opt/alt/php83/usr/share/php:/usr/share/pear:/usr/share/php') in /home/jsu9stnmttu2/public_html/index.php:14
Stack trace:
#0 {main}
  thrown in /home/jsu9stnmttu2/public_html/index.php on line 14
[18-Oct-2025 13:12:41 UTC] PHP Warning:  require(/home/jsu9stnmttu2/public_html/../vendor/autoload.php): Failed to open stream: No such file or directory in /home/jsu9stnmttu2/public_html/index.php on line 14
[18-Oct-2025 13:12:41 UTC] PHP Fatal error:  Uncaught Error: Failed opening required '/home/jsu9stnmttu2/public_html/../vendor/autoload.php' (include_path='.:/opt/alt/php83/usr/share/pear:/opt/alt/php83/usr/share/php:/usr/share/pear:/usr/share/php') in /home/jsu9stnmttu2/public_html/index.php:14
Stack trace:
#0 {main}
  thrown in /home/jsu9stnmttu2/public_html/index.php on line 14
[18-Oct-2025 13:12:42 UTC] PHP Warning:  require(/home/jsu9stnmttu2/public_html/../vendor/autoload.php): Failed to open stream: No such file or directory in /home/jsu9stnmttu2/public_html/index.php on line 14
[18-Oct-2025 13:12:42 UTC] PHP Fatal error:  Uncaught Error: Failed opening required '/home/jsu9stnmttu2/public_html/../vendor/autoload.php' (include_path='.:/opt/alt/php83/usr/share/pear:/opt/alt/php83/usr/share/php:/usr/share/pear:/usr/share/php') in /home/jsu9stnmttu2/public_html/index.php:14
Stack trace:
#0 {main}
  thrown in /home/jsu9stnmttu2/public_html/index.php on line 14
[18-Oct-2025 13:12:42 UTC] PHP Warning:  require(/home/jsu9stnmttu2/public_html/../vendor/autoload.php): Failed to open stream: No such file or directory in /home/jsu9stnmttu2/public_html/index.php on line 14
[18-Oct-2025 13:12:42 UTC] PHP Fatal error:  Uncaught Error: Failed opening required '/home/jsu9stnmttu2/public_html/../vendor/autoload.php' (include_path='.:/opt/alt/php83/usr/share/pear:/opt/alt/php83/usr/share/php:/usr/share/pear:/usr/share/php') in /home/jsu9stnmttu2/public_html/index.php:14
Stack trace:
#0 {main}
  thrown in /home/jsu9stnmttu2/public_html/index.php on line 14
[18-Oct-2025 13:12:43 UTC] PHP Warning:  require(/home/jsu9stnmttu2/public_html/../vendor/autoload.php): Failed to open stream: No such file or directory in /home/jsu9stnmttu2/public_html/index.php on line 14
[18-Oct-2025 13:12:43 UTC] PHP Fatal error:  Uncaught Error: Failed opening required '/home/jsu9stnmttu2/public_html/../vendor/autoload.php' (include_path='.:/opt/alt/php83/usr/share/pear:/opt/alt/php83/usr/share/php:/usr/share/pear:/usr/share/php') in /home/jsu9stnmttu2/public_html/index.php:14
Stack trace:
#0 {main}
  thrown in /home/jsu9stnmttu2/public_html/index.php on line 14
[18-Oct-2025 13:12:53 UTC] PHP Warning:  require(/home/jsu9stnmttu2/public_html/../vendor/autoload.php): Failed to open stream: No such file or directory in /home/jsu9stnmttu2/public_html/index.php on line 14
[18-Oct-2025 13:12:53 UTC] PHP Fatal error:  Uncaught Error: Failed opening required '/home/jsu9stnmttu2/public_html/../vendor/autoload.php' (include_path='.:/opt/alt/php83/usr/share/pear:/opt/alt/php83/usr/share/php:/usr/share/pear:/usr/share/php') in /home/jsu9stnmttu2/public_html/index.php:14
Stack trace:
#0 {main}
  thrown in /home/jsu9stnmttu2/public_html/index.php on line 14
[18-Oct-2025 13:12:59 UTC] PHP Warning:  require(/home/jsu9stnmttu2/public_html/../vendor/autoload.php): Failed to open stream: No such file or directory in /home/jsu9stnmttu2/public_html/index.php on line 14
[18-Oct-2025 13:12:59 UTC] PHP Fatal error:  Uncaught Error: Failed opening required '/home/jsu9stnmttu2/public_html/../vendor/autoload.php' (include_path='.:/opt/alt/php83/usr/share/pear:/opt/alt/php83/usr/share/php:/usr/share/pear:/usr/share/php') in /home/jsu9stnmttu2/public_html/index.php:14
Stack trace:
#0 {main}
  thrown in /home/jsu9stnmttu2/public_html/index.php on line 14
[18-Oct-2025 13:13:40 UTC] PHP Warning:  require(/home/jsu9stnmttu2/public_html/../vendor/autoload.php): Failed to open stream: No such file or directory in /home/jsu9stnmttu2/public_html/index.php on line 14
[18-Oct-2025 13:13:40 UTC] PHP Fatal error:  Uncaught Error: Failed opening required '/home/jsu9stnmttu2/public_html/../vendor/autoload.php' (include_path='.:/opt/alt/php83/usr/share/pear:/opt/alt/php83/usr/share/php:/usr/share/pear:/usr/share/php') in /home/jsu9stnmttu2/public_html/index.php:14
Stack trace:
#0 {main}
  thrown in /home/jsu9stnmttu2/public_html/index.php on line 14
[21-Nov-2025 19:39:05 UTC] PHP Warning:  PHP Startup: session.gc_divisor must be greater than 0 in Unknown on line 0
[21-Nov-2025 19:39:06 UTC] PHP Deprecated:  Google\Client::fetchAccessTokenWithAssertion(): Implicitly marking parameter $authHttp as nullable is deprecated, the explicit nullable type must be used instead in /home/jsu9stnmttu2/public_html/vendor/google/apiclient/src/Client.php on line 286
[21-Nov-2025 19:39:06 UTC] PHP Deprecated:  Google\Client::authorize(): Implicitly marking parameter $http as nullable is deprecated, the explicit nullable type must be used instead in /home/jsu9stnmttu2/public_html/vendor/google/apiclient/src/Client.php on line 419
[21-Nov-2025 19:39:06 UTC] PHP Deprecated:  Google\AccessToken\Revoke::__construct(): Implicitly marking parameter $http as nullable is deprecated, the explicit nullable type must be used instead in /home/jsu9stnmttu2/public_html/vendor/google/apiclient/src/AccessToken/Revoke.php on line 42
[21-Nov-2025 19:39:06 UTC] PHP Deprecated:  Google\AccessToken\Verify::__construct(): Implicitly marking parameter $http as nullable is deprecated, the explicit nullable type must be used instead in /home/jsu9stnmttu2/public_html/vendor/google/apiclient/src/AccessToken/Verify.php on line 69
[21-Nov-2025 19:39:06 UTC] PHP Deprecated:  Google\AccessToken\Verify::__construct(): Implicitly marking parameter $cache as nullable is deprecated, the explicit nullable type must be used instead in /home/jsu9stnmttu2/public_html/vendor/google/apiclient/src/AccessToken/Verify.php on line 69
[21-Nov-2025 19:39:06 UTC] PHP Deprecated:  Google\AuthHandler\Guzzle6AuthHandler::__construct(): Implicitly marking parameter $cache as nullable is deprecated, the explicit nullable type must be used instead in /home/jsu9stnmttu2/public_html/vendor/google/apiclient/src/AuthHandler/Guzzle6AuthHandler.php on line 23
[21-Nov-2025 19:39:06 UTC] PHP Deprecated:  Google\AuthHandler\Guzzle6AuthHandler::attachCredentials(): Implicitly marking parameter $tokenCallback as nullable is deprecated, the explicit nullable type must be used instead in /home/jsu9stnmttu2/public_html/vendor/google/apiclient/src/AuthHandler/Guzzle6AuthHandler.php on line 29
[21-Nov-2025 19:39:06 UTC] PHP Deprecated:  Google\AuthHandler\Guzzle6AuthHandler::attachCredentialsCache(): Implicitly marking parameter $tokenCallback as nullable is deprecated, the explicit nullable type must be used instead in /home/jsu9stnmttu2/public_html/vendor/google/apiclient/src/AuthHandler/Guzzle6AuthHandler.php on line 46
[21-Nov-2025 19:39:06 UTC] PHP Deprecated:  Google\Http\REST::decodeHttpResponse(): Implicitly marking parameter $request as nullable is deprecated, the explicit nullable type must be used instead in /home/jsu9stnmttu2/public_html/vendor/google/apiclient/src/Http/REST.php on line 121
[21-Nov-2025 19:39:06 UTC] PHP Deprecated:  Google\Http\REST::decodeBody(): Implicitly marking parameter $request as nullable is deprecated, the explicit nullable type must be used instead in /home/jsu9stnmttu2/public_html/vendor/google/apiclient/src/Http/REST.php on line 150
[21-Nov-2025 19:39:06 UTC] PHP Deprecated:  Google\Http\REST::determineExpectedClass(): Implicitly marking parameter $request as nullable is deprecated, the explicit nullable type must be used instead in /home/jsu9stnmttu2/public_html/vendor/google/apiclient/src/Http/REST.php on line 160
[21-Nov-2025 19:39:06 UTC] PHP Deprecated:  Google\Http\REST::isAltMedia(): Implicitly marking parameter $request as nullable is deprecated, the explicit nullable type must be used instead in /home/jsu9stnmttu2/public_html/vendor/google/apiclient/src/Http/REST.php on line 187
[21-Nov-2025 19:39:06 UTC] PHP Deprecated:  Google\Service\Exception::__construct(): Implicitly marking parameter $previous as nullable is deprecated, the explicit nullable type must be used instead in /home/jsu9stnmttu2/public_html/vendor/google/apiclient/src/Service/Exception.php on line 39
[21-Nov-2025 19:39:06 UTC] PHP Deprecated:  Google\Task\Composer::cleanup(): Implicitly marking parameter $filesystem as nullable is deprecated, the explicit nullable type must be used instead in /home/jsu9stnmttu2/public_html/vendor/google/apiclient/src/Task/Composer.php on line 31
[21-Nov-2025 19:39:06 UTC] PHP Fatal error:  Uncaught ReflectionException: Class "config" does not exist in /home/jsu9stnmttu2/public_html/vendor/laravel/framework/src/Illuminate/Container/Container.php:1161
Stack trace:
#0 /home/jsu9stnmttu2/public_html/vendor/laravel/framework/src/Illuminate/Container/Container.php(1161): ReflectionClass->__construct('config')
#1 /home/jsu9stnmttu2/public_html/vendor/laravel/framework/src/Illuminate/Container/Container.php(972): Illuminate\Container\Container->build('config')
#2 /home/jsu9stnmttu2/public_html/vendor/laravel/framework/src/Illuminate/Foundation/Application.php(1078): Illuminate\Container\Container->resolve('config', Array, true)
#3 /home/jsu9stnmttu2/public_html/vendor/laravel/framework/src/Illuminate/Container/Container.php(903): Illuminate\Foundation\Application->resolve('config', Array)
#4 /home/jsu9stnmttu2/public_html/vendor/laravel/framework/src/Illuminate/Foundation/Application.php(1058): Illuminate\Container\Container->make('config', Array)
#5 /home/jsu9stnmttu2/public_html/vendor/laravel/framework/src/Illuminate/Container/Container.php(1856): Illuminate\Foundation\Application->make('config')
#6 /home/jsu9stnmttu2/public_html/vendor/laravel/framework/src/Illuminate/Log/LogManager.php(575): Illuminate\Container\Container->offsetGet('config')
#7 /home/jsu9stnmttu2/public_html/vendor/laravel/framework/src/Illuminate/Log/LogManager.php(629): Illuminate\Log\LogManager->getDefaultDriver()
#8 /home/jsu9stnmttu2/public_html/vendor/laravel/framework/src/Illuminate/Log/LogManager.php(125): Illuminate\Log\LogManager->parseDriver(NULL)
#9 /home/jsu9stnmttu2/public_html/vendor/laravel/framework/src/Illuminate/Log/LogManager.php(703): Illuminate\Log\LogManager->driver()
#10 /home/jsu9stnmttu2/public_html/vendor/laravel/framework/src/Illuminate/Foundation/Exceptions/Handler.php(402): Illuminate\Log\LogManager->error('Call to undefin...', Array)
#11 /home/jsu9stnmttu2/public_html/vendor/laravel/framework/src/Illuminate/Foundation/Exceptions/Handler.php(365): Illuminate\Foundation\Exceptions\Handler->reportThrowable(Object(Error))
#12 /home/jsu9stnmttu2/public_html/vendor/laravel/framework/src/Illuminate/Foundation/Console/Kernel.php(620): Illuminate\Foundation\Exceptions\Handler->report(Object(Error))
#13 /home/jsu9stnmttu2/public_html/vendor/laravel/framework/src/Illuminate/Foundation/Console/Kernel.php(199): Illuminate\Foundation\Console\Kernel->reportException(Object(Error))
#14 /home/jsu9stnmttu2/public_html/vendor/laravel/framework/src/Illuminate/Foundation/Application.php(1235): Illuminate\Foundation\Console\Kernel->handle(Object(Symfony\Component\Console\Input\ArgvInput), Object(Symfony\Component\Console\Output\ConsoleOutput))
#15 /home/jsu9stnmttu2/public_html/artisan(16): Illuminate\Foundation\Application->handleCommand(Object(Symfony\Component\Console\Input\ArgvInput))
#16 {main}

Next Illuminate\Contracts\Container\BindingResolutionException: Target class [config] does not exist. in /home/jsu9stnmttu2/public_html/vendor/laravel/framework/src/Illuminate/Container/Container.php:1163
Stack trace:
#0 /home/jsu9stnmttu2/public_html/vendor/laravel/framework/src/Illuminate/Container/Container.php(972): Illuminate\Container\Container->build('config')
#1 /home/jsu9stnmttu2/public_html/vendor/laravel/framework/src/Illuminate/Foundation/Application.php(1078): Illuminate\Container\Container->resolve('config', Array, true)
#2 /home/jsu9stnmttu2/public_html/vendor/laravel/framework/src/Illuminate/Container/Container.php(903): Illuminate\Foundation\Application->resolve('config', Array)
#3 /home/jsu9stnmttu2/public_html/vendor/laravel/framework/src/Illuminate/Foundation/Application.php(1058): Illuminate\Container\Container->make('config', Array)
#4 /home/jsu9stnmttu2/public_html/vendor/laravel/framework/src/Illuminate/Container/Container.php(1856): Illuminate\Foundation\Application->make('config')
#5 /home/jsu9stnmttu2/public_html/vendor/laravel/framework/src/Illuminate/Log/LogManager.php(575): Illuminate\Container\Container->offsetGet('config')
#6 /home/jsu9stnmttu2/public_html/vendor/laravel/framework/src/Illuminate/Log/LogManager.php(629): Illuminate\Log\LogManager->getDefaultDriver()
#7 /home/jsu9stnmttu2/public_html/vendor/laravel/framework/src/Illuminate/Log/LogManager.php(125): Illuminate\Log\LogManager->parseDriver(NULL)
#8 /home/jsu9stnmttu2/public_html/vendor/laravel/framework/src/Illuminate/Log/LogManager.php(703): Illuminate\Log\LogManager->driver()
#9 /home/jsu9stnmttu2/public_html/vendor/laravel/framework/src/Illuminate/Foundation/Exceptions/Handler.php(402): Illuminate\Log\LogManager->error('Call to undefin...', Array)
#10 /home/jsu9stnmttu2/public_html/vendor/laravel/framework/src/Illuminate/Foundation/Exceptions/Handler.php(365): Illuminate\Foundation\Exceptions\Handler->reportThrowable(Object(Error))
#11 /home/jsu9stnmttu2/public_html/vendor/laravel/framework/src/Illuminate/Foundation/Console/Kernel.php(620): Illuminate\Foundation\Exceptions\Handler->report(Object(Error))
#12 /home/jsu9stnmttu2/public_html/vendor/laravel/framework/src/Illuminate/Foundation/Console/Kernel.php(199): Illuminate\Foundation\Console\Kernel->reportException(Object(Error))
#13 /home/jsu9stnmttu2/public_html/vendor/laravel/framework/src/Illuminate/Foundation/Application.php(1235): Illuminate\Foundation\Console\Kernel->handle(Object(Symfony\Component\Console\Input\ArgvInput), Object(Symfony\Component\Console\Output\ConsoleOutput))
#14 /home/jsu9stnmttu2/public_html/artisan(16): Illuminate\Foundation\Application->handleCommand(Object(Symfony\Component\Console\Input\ArgvInput))
#15 {main}
  thrown in /home/jsu9stnmttu2/public_html/vendor/laravel/framework/src/Illuminate/Container/Container.php on line 1163
[21-Nov-2025 23:38:03 UTC] PHP Warning:  include(/home/jsu9stnmttu2/public_html/vendor/composer/../fakerphp/faker/src/Faker/Factory.php): Failed to open stream: No such file or directory in /home/jsu9stnmttu2/public_html/vendor/composer/ClassLoader.php on line 576
[21-Nov-2025 23:38:03 UTC] PHP Warning:  include(): Failed opening '/home/jsu9stnmttu2/public_html/vendor/composer/../fakerphp/faker/src/Faker/Factory.php' for inclusion (include_path='.:/opt/alt/php83/usr/share/pear:/opt/alt/php83/usr/share/php:/usr/share/pear:/usr/share/php') in /home/jsu9stnmttu2/public_html/vendor/composer/ClassLoader.php on line 576
[21-Nov-2025 23:38:03 UTC] PHP Warning:  require(/home/jsu9stnmttu2/public_html/vendor/composer/../myclabs/deep-copy/src/DeepCopy/deep_copy.php): Failed to open stream: No such file or directory in /home/jsu9stnmttu2/public_html/vendor/composer/autoload_real.php on line 41
[21-Nov-2025 23:38:03 UTC] PHP Fatal error:  Uncaught Error: Failed opening required '/home/jsu9stnmttu2/public_html/vendor/composer/../myclabs/deep-copy/src/DeepCopy/deep_copy.php' (include_path='.:/opt/alt/php83/usr/share/pear:/opt/alt/php83/usr/share/php:/usr/share/pear:/usr/share/php') in /home/jsu9stnmttu2/public_html/vendor/composer/autoload_real.php:41
Stack trace:
#0 /home/jsu9stnmttu2/public_html/vendor/composer/autoload_real.php(45): {closure}()
#1 /home/jsu9stnmttu2/public_html/vendor/autoload.php(25): ComposerAutoloaderInit8c624ac2afc1f3755628dc6fda51617c::getLoader()
#2 /home/jsu9stnmttu2/public_html/artisan(10): require('/home/jsu9stnmt...')
#3 {main}
  thrown in /home/jsu9stnmttu2/public_html/vendor/composer/autoload_real.php on line 41
[21-Nov-2025 23:38:03 UTC] PHP Warning:  include(/home/jsu9stnmttu2/public_html/vendor/composer/../fakerphp/faker/src/Faker/Factory.php): Failed to open stream: No such file or directory in /home/jsu9stnmttu2/public_html/vendor/composer/ClassLoader.php on line 576
[21-Nov-2025 23:38:03 UTC] PHP Warning:  include(): Failed opening '/home/jsu9stnmttu2/public_html/vendor/composer/../fakerphp/faker/src/Faker/Factory.php' for inclusion (include_path='.:/opt/alt/php83/usr/share/pear:/opt/alt/php83/usr/share/php:/usr/share/pear:/usr/share/php') in /home/jsu9stnmttu2/public_html/vendor/composer/ClassLoader.php on line 576
[21-Nov-2025 23:38:03 UTC] PHP Warning:  require(/home/jsu9stnmttu2/public_html/vendor/composer/../myclabs/deep-copy/src/DeepCopy/deep_copy.php): Failed to open stream: No such file or directory in /home/jsu9stnmttu2/public_html/vendor/composer/autoload_real.php on line 41
[21-Nov-2025 23:38:03 UTC] PHP Fatal error:  Uncaught Error: Failed opening required '/home/jsu9stnmttu2/public_html/vendor/composer/../myclabs/deep-copy/src/DeepCopy/deep_copy.php' (include_path='.:/opt/alt/php83/usr/share/pear:/opt/alt/php83/usr/share/php:/usr/share/pear:/usr/share/php') in /home/jsu9stnmttu2/public_html/vendor/composer/autoload_real.php:41
Stack trace:
#0 /home/jsu9stnmttu2/public_html/vendor/composer/autoload_real.php(45): {closure}()
#1 /home/jsu9stnmttu2/public_html/vendor/autoload.php(25): ComposerAutoloaderInit8c624ac2afc1f3755628dc6fda51617c::getLoader()
#2 /home/jsu9stnmttu2/public_html/artisan(10): require('/home/jsu9stnmt...')
#3 {main}
  thrown in /home/jsu9stnmttu2/public_html/vendor/composer/autoload_real.php on line 41
